Start testing: Nov 23 14:49 CET
----------------------------------------------------------
1/1 Testing: unit
1/1 Test: unit
Command: "/home/near/L3/Licence3/Theorie_Langages/TP/build/unit_tests"
Directory: /home/near/L3/Licence3/Theorie_Langages/TP/build
"unit" start time: Nov 23 14:49 CET
Output:
----------------------------------------------------------
[==========] Running 1 test from 1 test case.
[----------] Global test environment set-up.
[----------] 1 test from fa
[ RUN      ] fa.create
ERROR : fa_create() -> state_count: Inappropriate ioctl for device
ERROR : fa_create() -> state_count: Invalid argument
ERROR : fa_create() -> alpha_count: Invalid argument
[       OK ] fa.create (0 ms)
[----------] 1 test from fa (0 ms total)

[----------] Global test environment tear-down
[==========] 1 test from 1 test case ran. (0 ms total)
[  PASSED  ] 1 test.
<end of output>
Test time =   0.00 sec
----------------------------------------------------------
Test Passed.
"unit" end time: Nov 23 14:49 CET
"unit" time elapsed: 00:00:00
----------------------------------------------------------

End testing: Nov 23 14:49 CET
